{"/Users/macbookair/Desktop/qaip/src/app.ts": {"path":"/Users/macbookair/Desktop/qaip/src/app.ts","statementMap":{"0":{"start":{"line":1,"column":0},"end":{"line":1,"column":86}},"1":{"start":{"line":3,"column":0},"end":{"line":3,"column":57}},"2":{"start":{"line":5,"column":25},"end":{"line":5,"column":34}},"3":{"start":{"line":14,"column":8},"end":{"line":14,"column":11}},"4":{"start":{"line":7,"column":0},"end":{"line":7,"column":33}},"5":{"start":{"line":8,"column":0},"end":{"line":8,"column":39}},"6":{"start":{"line":10,"column":0},"end":{"line":12,"column":3}},"7":{"start":{"line":11,"column":2},"end":{"line":11,"column":50}}},"fnMap":{"0":{"name":"(anonymous_1)","decl":{"start":{"line":10,"column":13},"end":{"line":10,"column":14}},"loc":{"start":{"line":10,"column":41},"end":{"line":12,"column":1}}}},"branchMap":{},"s":{"0":3,"1":3,"2":3,"3":3,"4":3,"5":3,"6":3,"7":1},"f":{"0":1},"b":{}}
,"/Users/macbookair/Desktop/qaip/src/controllers/index.ts": {"path":"/Users/macbookair/Desktop/qaip/src/controllers/index.ts","statementMap":{"0":{"start":{"line":1,"column":0},"end":{"line":1,"column":23}},"1":{"start":{"line":2,"column":0},"end":{"line":2,"column":26}}},"fnMap":{},"branchMap":{},"s":{"0":3,"1":3},"f":{},"b":{}}
,"/Users/macbookair/Desktop/qaip/src/controllers/question.ts": {"path":"/Users/macbookair/Desktop/qaip/src/controllers/question.ts","statementMap":{"0":{"start":{"line":4,"column":23},"end":{"line":6,"column":1}},"1":{"start":{"line":5,"column":6},"end":{"line":5,"column":null}},"2":{"start":{"line":23,"column":8},"end":{"line":23,"column":23}},"3":{"start":{"line":7,"column":19},"end":{"line":10,"column":1}},"4":{"start":{"line":8,"column":19},"end":{"line":8,"column":null}},"5":{"start":{"line":9,"column":6},"end":{"line":9,"column":null}},"6":{"start":{"line":23,"column":24},"end":{"line":23,"column":35}},"7":{"start":{"line":11,"column":19},"end":{"line":13,"column":1}},"8":{"start":{"line":12,"column":6},"end":{"line":12,"column":null}},"9":{"start":{"line":23,"column":37},"end":{"line":23,"column":48}},"10":{"start":{"line":14,"column":22},"end":{"line":17,"column":1}},"11":{"start":{"line":15,"column":19},"end":{"line":15,"column":null}},"12":{"start":{"line":16,"column":6},"end":{"line":16,"column":null}},"13":{"start":{"line":23,"column":50},"end":{"line":23,"column":64}},"14":{"start":{"line":18,"column":22},"end":{"line":21,"column":1}},"15":{"start":{"line":19,"column":19},"end":{"line":19,"column":null}},"16":{"start":{"line":20,"column":6},"end":{"line":20,"column":null}},"17":{"start":{"line":23,"column":66},"end":{"line":23,"column":80}}},"fnMap":{"0":{"name":"(anonymous_0)","decl":{"start":{"line":4,"column":23},"end":{"line":4,"column":24}},"loc":{"start":{"line":4,"column":49},"end":{"line":6,"column":1}}},"1":{"name":"(anonymous_1)","decl":{"start":{"line":7,"column":19},"end":{"line":7,"column":20}},"loc":{"start":{"line":7,"column":45},"end":{"line":10,"column":1}}},"2":{"name":"(anonymous_2)","decl":{"start":{"line":11,"column":19},"end":{"line":11,"column":20}},"loc":{"start":{"line":11,"column":45},"end":{"line":13,"column":1}}},"3":{"name":"(anonymous_3)","decl":{"start":{"line":14,"column":22},"end":{"line":14,"column":23}},"loc":{"start":{"line":14,"column":48},"end":{"line":17,"column":1}}},"4":{"name":"(anonymous_4)","decl":{"start":{"line":18,"column":22},"end":{"line":18,"column":23}},"loc":{"start":{"line":18,"column":48},"end":{"line":21,"column":1}}}},"branchMap":{},"s":{"0":3,"1":1,"2":3,"3":3,"4":0,"5":0,"6":3,"7":3,"8":0,"9":3,"10":3,"11":0,"12":0,"13":3,"14":3,"15":0,"16":0,"17":3},"f":{"0":1,"1":0,"2":0,"3":0,"4":0},"b":{}}
,"/Users/macbookair/Desktop/qaip/src/controllers/topic.ts": {"path":"/Users/macbookair/Desktop/qaip/src/controllers/topic.ts","statementMap":{"0":{"start":{"line":3,"column":20},"end":{"line":5,"column":1}},"1":{"start":{"line":4,"column":6},"end":{"line":4,"column":null}},"2":{"start":{"line":22,"column":8},"end":{"line":22,"column":20}},"3":{"start":{"line":6,"column":16},"end":{"line":9,"column":1}},"4":{"start":{"line":7,"column":19},"end":{"line":7,"column":null}},"5":{"start":{"line":8,"column":6},"end":{"line":8,"column":null}},"6":{"start":{"line":22,"column":21},"end":{"line":22,"column":29}},"7":{"start":{"line":10,"column":16},"end":{"line":12,"column":1}},"8":{"start":{"line":11,"column":6},"end":{"line":11,"column":null}},"9":{"start":{"line":22,"column":31},"end":{"line":22,"column":39}},"10":{"start":{"line":13,"column":19},"end":{"line":16,"column":1}},"11":{"start":{"line":14,"column":19},"end":{"line":14,"column":null}},"12":{"start":{"line":15,"column":6},"end":{"line":15,"column":null}},"13":{"start":{"line":22,"column":41},"end":{"line":22,"column":52}},"14":{"start":{"line":17,"column":19},"end":{"line":20,"column":1}},"15":{"start":{"line":18,"column":19},"end":{"line":18,"column":null}},"16":{"start":{"line":19,"column":6},"end":{"line":19,"column":null}},"17":{"start":{"line":22,"column":54},"end":{"line":22,"column":65}}},"fnMap":{"0":{"name":"(anonymous_0)","decl":{"start":{"line":3,"column":20},"end":{"line":3,"column":21}},"loc":{"start":{"line":3,"column":46},"end":{"line":5,"column":1}}},"1":{"name":"(anonymous_1)","decl":{"start":{"line":6,"column":16},"end":{"line":6,"column":17}},"loc":{"start":{"line":6,"column":42},"end":{"line":9,"column":1}}},"2":{"name":"(anonymous_2)","decl":{"start":{"line":10,"column":16},"end":{"line":10,"column":17}},"loc":{"start":{"line":10,"column":42},"end":{"line":12,"column":1}}},"3":{"name":"(anonymous_3)","decl":{"start":{"line":13,"column":19},"end":{"line":13,"column":20}},"loc":{"start":{"line":13,"column":45},"end":{"line":16,"column":1}}},"4":{"name":"(anonymous_4)","decl":{"start":{"line":17,"column":19},"end":{"line":17,"column":20}},"loc":{"start":{"line":17,"column":45},"end":{"line":20,"column":1}}}},"branchMap":{},"s":{"0":3,"1":1,"2":3,"3":3,"4":0,"5":0,"6":3,"7":3,"8":0,"9":3,"10":3,"11":0,"12":0,"13":3,"14":3,"15":0,"16":0,"17":3},"f":{"0":1,"1":0,"2":0,"3":0,"4":0},"b":{}}
,"/Users/macbookair/Desktop/qaip/src/router/index.ts": {"path":"/Users/macbookair/Desktop/qaip/src/router/index.ts","statementMap":{"0":{"start":{"line":1,"column":0},"end":{"line":1,"column":31}},"1":{"start":{"line":2,"column":0},"end":{"line":2,"column":34}}},"fnMap":{},"branchMap":{},"s":{"0":3,"1":3},"f":{},"b":{}}
,"/Users/macbookair/Desktop/qaip/src/router/questions.routes.ts": {"path":"/Users/macbookair/Desktop/qaip/src/router/questions.routes.ts","statementMap":{"0":{"start":{"line":1,"column":0},"end":{"line":1,"column":29}},"1":{"start":{"line":2,"column":0},"end":{"line":2,"column":104}},"2":{"start":{"line":4,"column":24},"end":{"line":4,"column":40}},"3":{"start":{"line":9,"column":8},"end":{"line":9,"column":23}},"4":{"start":{"line":6,"column":0},"end":{"line":6,"column":null}},"5":{"start":{"line":7,"column":0},"end":{"line":7,"column":null}}},"fnMap":{},"branchMap":{},"s":{"0":3,"1":3,"2":3,"3":3,"4":3,"5":3},"f":{},"b":{}}
,"/Users/macbookair/Desktop/qaip/src/router/topics.routes.ts": {"path":"/Users/macbookair/Desktop/qaip/src/router/topics.routes.ts","statementMap":{"0":{"start":{"line":1,"column":0},"end":{"line":1,"column":29}},"1":{"start":{"line":2,"column":0},"end":{"line":2,"column":89}},"2":{"start":{"line":4,"column":21},"end":{"line":4,"column":37}},"3":{"start":{"line":9,"column":8},"end":{"line":9,"column":20}},"4":{"start":{"line":6,"column":0},"end":{"line":6,"column":null}},"5":{"start":{"line":7,"column":0},"end":{"line":7,"column":null}}},"fnMap":{},"branchMap":{},"s":{"0":3,"1":3,"2":3,"3":3,"4":3,"5":3},"f":{},"b":{}}
}
